<?xml version="1.0" encoding="UTF-8" ?>
<testsuite tests="93" failures="0" name="cs.ing.software.lab1.MainTest" time="0.033" errors="0" skipped="0">
  <properties>
    <property name="java.runtime.name" value="Java(TM) SE Runtime Environment"/>
    <property name="java.vm.version" value="14.0.2+12-46"/>
    <property name="sun.boot.library.path" value="C:\Program Files\Java\jdk-14.0.2\bin"/>
    <property name="maven.multiModuleProjectDirectory" value="D:\Computer Science\Software\lab01-recordando-poo-Yes197"/>
    <property name="java.vm.vendor" value="Oracle Corporation"/>
    <property name="java.vendor.url" value="https://java.oracle.com/"/>
    <property name="guice.disable.misplaced.annotation.check" value="true"/>
    <property name="path.separator" value=";"/>
    <property name="java.vm.name" value="Java HotSpot(TM) 64-Bit Server VM"/>
    <property name="sun.os.patch.level" value=""/>
    <property name="user.script" value=""/>
    <property name="user.country" value="PE"/>
    <property name="sun.java.launcher" value="SUN_STANDARD"/>
    <property name="java.vm.specification.name" value="Java Virtual Machine Specification"/>
    <property name="user.dir" value="D:\Computer Science\Software\lab01-recordando-poo-Yes197"/>
    <property name="java.vm.compressedOopsMode" value="Zero based"/>
    <property name="java.runtime.version" value="14.0.2+12-46"/>
    <property name="os.arch" value="amd64"/>
    <property name="java.io.tmpdir" value="C:\Users\Asus\AppData\Local\Temp\"/>
    <property name="line.separator" value="
"/>
    <property name="java.vm.specification.vendor" value="Oracle Corporation"/>
    <property name="user.variant" value=""/>
    <property name="os.name" value="Windows 10"/>
    <property name="classworlds.conf" value="C:\apache-maven-3.8.2\bin\m2.conf"/>
    <property name="sun.jnu.encoding" value="Cp1252"/>
    <property name="java.library.path" value="C:\Program Files\Java\jdk-14.0.2\bin;C:\WINDOWS\Sun\Java\bin;C:\WINDOWS\system32;C:\WINDOWS;C:\Program Files (x86)\Common Files\Oracle\Java\javapath;C:\Program Files\NVIDIA GPU Computing Toolkit\CUDA\v10.1\bin;C:\Program Files\NVIDIA GPU Computing Toolkit\CUDA\v10.1\libnvvp;C:\Program Files (x86)\Common Files\Intel\Shared Files\cpp\bin\Intel64;C:\Windows\system32;C:\Windows;C:\Windows\System32\Wbem;C:\Windows\System32\WindowsPowerShell\v1.0\;C:\Windows\System32\OpenSSH\;C:\Program Files (x86)\NVIDIA Corporation\PhysX\Common;C:\Program Files\MiKTeX 2.9\miktex\bin\x64\;C:\Program Files\Git\cmd;C:\Python37\Scripts;C:\Python37;C:\Program Files\Microsoft VS Code\bin;C:\Program Files\Java\jdk-14.0.2\bin;C:\Program Files\nodejs\;C:\Program Files\dotnet\;C:\Users\Asus\Anaconda3\Scripts;C:\Users\Asus\Anaconda3;C:\Users\Asus\Anaconda3\Library\bin;C:\Program Files\IBM\SPSS\Statistics\25\JRE\bin;C:\Program Files\NVIDIA Corporation\Nsight Compute 2019.4.0\;C:\Program Files\NVIDIA Corporation\NVIDIA NvDLISR;C:\MinGW\bin;%MAVEN_HOME%\bin;;C:\WINDOWS\system32;C:\WINDOWS;C:\WINDOWS\System32\Wbem;C:\WINDOWS\System32\WindowsPowerShell\v1.0\;C:\WINDOWS\System32\OpenSSH\;C:\Program Files\Microsoft MPI\Bin\;C:\Program Files (x86)\Common Files\Oracle\Java\javapath;C:\Program Files (x86)\Common Files\Intel\Shared Files\cpp\bin\Intel64;C:\Windows\system32;C:\Windows;C:\Windows\System32\Wbem;C:\Windows\System32\WindowsPowerShell\v1.0\;C:\Windows\System32\OpenSSH\;C:\Program Files (x86)\NVIDIA Corporation\PhysX\Common;C:\Program Files\NVIDIA Corporation\NVIDIA NvDLISR;C:\Users\Asus\AppData\Local\Programs\MiKTeX\miktex\bin\x64\;C:\Program Files\MiKTeX 2.9\miktex\bin\x64\;C:\Program Files\Git\cmd;C:\Python35\Scripts;C:\Python35;C:\Program Files\Microsoft VS Code\bin;C:\apache-maven-3.8.2\bin;C:\Program Files\Java\jdk-14.0.2\bin;C:\Program Files\IBM\SPSS\Statistics\24\JRE\bin;C:\MinGW\bin;C:\Users\Asus\.dotnet\tools;%USERPROFILE%\AppData\Local\Microsoft\WindowsApps;;."/>
    <property name="maven.conf" value="C:\apache-maven-3.8.2/conf"/>
    <property name="jdk.debug" value="release"/>
    <property name="java.class.version" value="58.0"/>
    <property name="java.specification.name" value="Java Platform API Specification"/>
    <property name="sun.management.compiler" value="HotSpot 64-Bit Tiered Compilers"/>
    <property name="os.version" value="10.0"/>
    <property name="user.home" value="C:\Users\Asus"/>
    <property name="user.timezone" value="America/Lima"/>
    <property name="file.encoding" value="Cp1252"/>
    <property name="java.specification.version" value="14"/>
    <property name="user.name" value="Asus"/>
    <property name="java.class.path" value="C:\apache-maven-3.8.2\boot\plexus-classworlds-2.6.0.jar"/>
    <property name="java.vm.specification.version" value="14"/>
    <property name="sun.arch.data.model" value="64"/>
    <property name="sun.java.command" value="org.codehaus.plexus.classworlds.launcher.Launcher verify org.sonarsource.scanner.maven:sonar-maven-plugin:sonar"/>
    <property name="java.home" value="C:\Program Files\Java\jdk-14.0.2"/>
    <property name="user.language" value="es"/>
    <property name="java.specification.vendor" value="Oracle Corporation"/>
    <property name="java.vm.info" value="mixed mode, sharing"/>
    <property name="java.version" value="14.0.2"/>
    <property name="java.vendor" value="Oracle Corporation"/>
    <property name="sun.stderr.encoding" value="cp850"/>
    <property name="maven.home" value="C:\apache-maven-3.8.2"/>
    <property name="file.separator" value="\"/>
    <property name="java.version.date" value="2020-07-14"/>
    <property name="java.vendor.url.bug" value="https://bugreport.java.com/bugreport/"/>
    <property name="sun.io.unicode.encoding" value="UnicodeLittle"/>
    <property name="sun.cpu.endian" value="little"/>
    <property name="sun.stdout.encoding" value="cp850"/>
    <property name="sun.cpu.isalist" value="amd64"/>
  </properties>
  <testcase classname="cs.ing.software.lab1.MainTest" name="Test01" time="0.013"/>
  <testcase classname="cs.ing.software.lab1.MainTest" name="Test02" time="0"/>
  <testcase classname="cs.ing.software.lab1.MainTest" name="Test03" time="0"/>
  <testcase classname="cs.ing.software.lab1.MainTest" name="Test04" time="0"/>
  <testcase classname="cs.ing.software.lab1.MainTest" name="Test05" time="0.001"/>
  <testcase classname="cs.ing.software.lab1.MainTest" name="Test06" time="0"/>
  <testcase classname="cs.ing.software.lab1.MainTest" name="Test07" time="0"/>
  <testcase classname="cs.ing.software.lab1.MainTest" name="Test08" time="0"/>
  <testcase classname="cs.ing.software.lab1.MainTest" name="Test09" time="0"/>
  <testcase classname="cs.ing.software.lab1.MainTest" name="Test10" time="0"/>
  <testcase classname="cs.ing.software.lab1.MainTest" name="Test12" time="0.001"/>
  <testcase classname="cs.ing.software.lab1.MainTest" name="Test13" time="0"/>
  <testcase classname="cs.ing.software.lab1.MainTest" name="Test13" time="0"/>
  <testcase classname="cs.ing.software.lab1.MainTest" name="Test13" time="0"/>
  <testcase classname="cs.ing.software.lab1.MainTest" name="Test13" time="0.001"/>
  <testcase classname="cs.ing.software.lab1.MainTest" name="Test13" time="0.001"/>
  <testcase classname="cs.ing.software.lab1.MainTest" name="Test13" time="0"/>
  <testcase classname="cs.ing.software.lab1.MainTest" name="Test13" time="0"/>
  <testcase classname="cs.ing.software.lab1.MainTest" name="Test13" time="0"/>
  <testcase classname="cs.ing.software.lab1.MainTest" name="Test13" time="0"/>
  <testcase classname="cs.ing.software.lab1.MainTest" name="Test13" time="0"/>
  <testcase classname="cs.ing.software.lab1.MainTest" name="Test13" time="0"/>
  <testcase classname="cs.ing.software.lab1.MainTest" name="Test13" time="0"/>
  <testcase classname="cs.ing.software.lab1.MainTest" name="Test13" time="0"/>
  <testcase classname="cs.ing.software.lab1.MainTest" name="Test13" time="0"/>
  <testcase classname="cs.ing.software.lab1.MainTest" name="Test13" time="0.001"/>
  <testcase classname="cs.ing.software.lab1.MainTest" name="Test13" time="0"/>
  <testcase classname="cs.ing.software.lab1.MainTest" name="Test13" time="0.001"/>
  <testcase classname="cs.ing.software.lab1.MainTest" name="Test13" time="0.001"/>
  <testcase classname="cs.ing.software.lab1.MainTest" name="Test13" time="0.001"/>
  <testcase classname="cs.ing.software.lab1.MainTest" name="Test13" time="0"/>
  <testcase classname="cs.ing.software.lab1.MainTest" name="Test13" time="0"/>
  <testcase classname="cs.ing.software.lab1.MainTest" name="Test13" time="0.001"/>
  <testcase classname="cs.ing.software.lab1.MainTest" name="Test13" time="0.001"/>
  <testcase classname="cs.ing.software.lab1.MainTest" name="Test13" time="0.001"/>
  <testcase classname="cs.ing.software.lab1.MainTest" name="Test13" time="0.001"/>
  <testcase classname="cs.ing.software.lab1.MainTest" name="Test13" time="0.001"/>
  <testcase classname="cs.ing.software.lab1.MainTest" name="Test13" time="0"/>
  <testcase classname="cs.ing.software.lab1.MainTest" name="Test13" time="0"/>
  <testcase classname="cs.ing.software.lab1.MainTest" name="Test13" time="0"/>
  <testcase classname="cs.ing.software.lab1.MainTest" name="Test13" time="0"/>
  <testcase classname="cs.ing.software.lab1.MainTest" name="Test13" time="0"/>
  <testcase classname="cs.ing.software.lab1.MainTest" name="Test13" time="0"/>
  <testcase classname="cs.ing.software.lab1.MainTest" name="Test13" time="0"/>
  <testcase classname="cs.ing.software.lab1.MainTest" name="Test13" time="0"/>
  <testcase classname="cs.ing.software.lab1.MainTest" name="Test13" time="0"/>
  <testcase classname="cs.ing.software.lab1.MainTest" name="Test13" time="0"/>
  <testcase classname="cs.ing.software.lab1.MainTest" name="Test13" time="0"/>
  <testcase classname="cs.ing.software.lab1.MainTest" name="Test13" time="0"/>
  <testcase classname="cs.ing.software.lab1.MainTest" name="Test13" time="0.001"/>
  <testcase classname="cs.ing.software.lab1.MainTest" name="Test13" time="0.001"/>
  <testcase classname="cs.ing.software.lab1.MainTest" name="Test13" time="0"/>
  <testcase classname="cs.ing.software.lab1.MainTest" name="Test13" time="0"/>
  <testcase classname="cs.ing.software.lab1.MainTest" name="Test13" time="0"/>
  <testcase classname="cs.ing.software.lab1.MainTest" name="Test13" time="0"/>
  <testcase classname="cs.ing.software.lab1.MainTest" name="Test13" time="0"/>
  <testcase classname="cs.ing.software.lab1.MainTest" name="Test13" time="0"/>
  <testcase classname="cs.ing.software.lab1.MainTest" name="Test13" time="0"/>
  <testcase classname="cs.ing.software.lab1.MainTest" name="Test13" time="0"/>
  <testcase classname="cs.ing.software.lab1.MainTest" name="Test13" time="0.001"/>
  <testcase classname="cs.ing.software.lab1.MainTest" name="Test13" time="0.001"/>
  <testcase classname="cs.ing.software.lab1.MainTest" name="Test13" time="0"/>
  <testcase classname="cs.ing.software.lab1.MainTest" name="Test13" time="0"/>
  <testcase classname="cs.ing.software.lab1.MainTest" name="Test13" time="0"/>
  <testcase classname="cs.ing.software.lab1.MainTest" name="Test13" time="0"/>
  <testcase classname="cs.ing.software.lab1.MainTest" name="Test13" time="0"/>
  <testcase classname="cs.ing.software.lab1.MainTest" name="Test13" time="0"/>
  <testcase classname="cs.ing.software.lab1.MainTest" name="Test13" time="0"/>
  <testcase classname="cs.ing.software.lab1.MainTest" name="Test13" time="0"/>
  <testcase classname="cs.ing.software.lab1.MainTest" name="Test13" time="0"/>
  <testcase classname="cs.ing.software.lab1.MainTest" name="Test13" time="0"/>
  <testcase classname="cs.ing.software.lab1.MainTest" name="Test13" time="0"/>
  <testcase classname="cs.ing.software.lab1.MainTest" name="Test13" time="0"/>
  <testcase classname="cs.ing.software.lab1.MainTest" name="Test13" time="0"/>
  <testcase classname="cs.ing.software.lab1.MainTest" name="Test13" time="0"/>
  <testcase classname="cs.ing.software.lab1.MainTest" name="Test13" time="0"/>
  <testcase classname="cs.ing.software.lab1.MainTest" name="Test13" time="0"/>
  <testcase classname="cs.ing.software.lab1.MainTest" name="Test13" time="0"/>
  <testcase classname="cs.ing.software.lab1.MainTest" name="Test13" time="0"/>
  <testcase classname="cs.ing.software.lab1.MainTest" name="Test13" time="0"/>
  <testcase classname="cs.ing.software.lab1.MainTest" name="Test13" time="0"/>
  <testcase classname="cs.ing.software.lab1.MainTest" name="Test13" time="0"/>
  <testcase classname="cs.ing.software.lab1.MainTest" name="Test13" time="0"/>
  <testcase classname="cs.ing.software.lab1.MainTest" name="Test13" time="0"/>
  <testcase classname="cs.ing.software.lab1.MainTest" name="Test13" time="0"/>
  <testcase classname="cs.ing.software.lab1.MainTest" name="Test13" time="0"/>
  <testcase classname="cs.ing.software.lab1.MainTest" name="Test13" time="0"/>
  <testcase classname="cs.ing.software.lab1.MainTest" name="Test13" time="0"/>
  <testcase classname="cs.ing.software.lab1.MainTest" name="Test13" time="0"/>
  <testcase classname="cs.ing.software.lab1.MainTest" name="Test13" time="0"/>
  <testcase classname="cs.ing.software.lab1.MainTest" name="Test13" time="0"/>
  <testcase classname="cs.ing.software.lab1.MainTest" name="testMain1" time="0.002"/>
  <testcase classname="cs.ing.software.lab1.MainTest" name="testMain2" time="0.001"/>
</testsuite>