<?xml version="1.0" encoding="UTF-8"?>
<!-- Generated by org.testng.reporters.JUnitReportReporter -->
<testsuite hostname="DESKTOP-5P88CHJ" failures="0" tests="1" name="cs.ing.software.lab1.MainTest" time="0.014" errors="0" timestamp="2021-09-15T04:22:25 PET" skipped="0">
  <testcase classname="cs.ing.software.lab1.MainTest" name="Test01" time="0.014"/>
  <system-out/>
</testsuite> <!-- cs.ing.software.lab1.MainTest -->
